{"numFailedTestSuites":0,"numFailedTests":0,"numPassedTestSuites":26,"numPassedTests":117,"numPendingTestSuites":0,"numPendingTests":0,"numRuntimeErrorTestSuites":0,"numTotalTestSuites":26,"numTotalTests":117,"openHandles":[],"snapshot":{"added":0,"didUpdate":false,"failure":false,"filesAdded":0,"filesRemoved":0,"filesUnmatched":0,"filesUpdated":0,"matched":0,"total":0,"unchecked":0,"uncheckedKeysByFile":[],"unmatched":0,"updated":0},"startTime":1555568155442,"success":true,"testResults":[{"assertionResults":[{"ancestorTitles":["fish adapter"],"failureMessages":[],"fullName":"fish adapter should adapt one fish","location":null,"status":"passed","title":"should adapt one fish"}],"endTime":1555568158571,"message":"","name":"/Users/florentberthelot/dev/contrib/aqua-compose/src/scripts/scrapper/fish.adpater.spec.js","startTime":1555568157200,"status":"passed","summary":""},{"assertionResults":[{"ancestorTitles":["api generator","all.json"],"failureMessages":[],"fullName":"api generator all.json should write [] in all.json file when fishes directory is empty","location":null,"status":"passed","title":"should write [] in all.json file when fishes directory is empty"},{"ancestorTitles":["api generator","all.json"],"failureMessages":[],"fullName":"api generator all.json should write all fishes datas in all.json file","location":null,"status":"passed","title":"should write all fishes datas in all.json file"},{"ancestorTitles":["api generator","metadata.json"],"failureMessages":[],"fullName":"api generator metadata.json should write [fishesSlugs:[]] in all.json file when fishes directory is empty","location":null,"status":"passed","title":"should write [fishesSlugs:[]] in all.json file when fishes directory is empty"},{"ancestorTitles":["api generator","metadata.json"],"failureMessages":[],"fullName":"api generator metadata.json should write all fishes datas in all.json file","location":null,"status":"passed","title":"should write all fishes datas in all.json file"}],"endTime":1555568158572,"message":"","name":"/Users/florentberthelot/dev/contrib/aqua-compose/src/scripts/api/api.generator.spec.js","startTime":1555568157200,"status":"passed","summary":""},{"assertionResults":[{"ancestorTitles":["fish scrapper"],"failureMessages":[],"fullName":"fish scrapper should call https://www.aquachange.fr/poisson_fiche_aquarium.php?id= urls","location":null,"status":"passed","title":"should call https://www.aquachange.fr/poisson_fiche_aquarium.php?id= urls"},{"ancestorTitles":["fish scrapper"],"failureMessages":[],"fullName":"fish scrapper should call 10 differents urls before quit","location":null,"status":"passed","title":"should call 10 differents urls before quit"},{"ancestorTitles":["fish scrapper"],"failureMessages":[],"fullName":"fish scrapper should call the adapter with fish data","location":null,"status":"passed","title":"should call the adapter with fish data"},{"ancestorTitles":["fish scrapper"],"failureMessages":[],"fullName":"fish scrapper should write file if it doesn't exist for now","location":null,"status":"passed","title":"should write file if it doesn't exist for now"},{"ancestorTitles":["fish scrapper"],"failureMessages":[],"fullName":"fish scrapper should call file reconsiliator if fish already exist","location":null,"status":"passed","title":"should call file reconsiliator if fish already exist"},{"ancestorTitles":["fish scrapper"],"failureMessages":[],"fullName":"fish scrapper should show error in red when unexpected error happened","location":null,"status":"passed","title":"should show error in red when unexpected error happened"}],"endTime":1555568158577,"message":"","name":"/Users/florentberthelot/dev/contrib/aqua-compose/src/scripts/scrapper/index.spec.js","startTime":1555568157200,"status":"passed","summary":""},{"assertionResults":[{"ancestorTitles":["cli"],"failureMessages":[],"fullName":"cli should call the scrapper when chosing get data option","location":null,"status":"passed","title":"should call the scrapper when chosing get data option"},{"ancestorTitles":["cli"],"failureMessages":[],"fullName":"cli should generate api when chosing get data option","location":null,"status":"passed","title":"should generate api when chosing get data option"},{"ancestorTitles":["cli"],"failureMessages":[],"fullName":"cli should generate api but not scrap when chosing Generate API option","location":null,"status":"passed","title":"should generate api but not scrap when chosing Generate API option"},{"ancestorTitles":["cli"],"failureMessages":[],"fullName":"cli should handle errors","location":null,"status":"passed","title":"should handle errors"}],"endTime":1555568158754,"message":"","name":"/Users/florentberthelot/dev/contrib/aqua-compose/src/scripts/cli.spec.js","startTime":1555568158588,"status":"passed","summary":""},{"assertionResults":[{"ancestorTitles":["fish reconcilier"],"failureMessages":[],"fullName":"fish reconcilier should do not write file when fish are the same","location":null,"status":"passed","title":"should do not write file when fish are the same"},{"ancestorTitles":["fish reconcilier"],"failureMessages":[],"fullName":"fish reconcilier should show differences of the two object","location":null,"status":"passed","title":"should show differences of the two object"},{"ancestorTitles":["fish reconcilier"],"failureMessages":[],"fullName":"fish reconcilier should write file of the new fish","location":null,"status":"passed","title":"should write file of the new fish"}],"endTime":1555568158775,"message":"","name":"/Users/florentberthelot/dev/contrib/aqua-compose/src/scripts/scrapper/fish.reconcilier.spec.js","startTime":1555568158599,"status":"passed","summary":""},{"assertionResults":[{"ancestorTitles":["Occupation"],"failureMessages":[],"fullName":"Occupation should display the number of fish","location":null,"status":"passed","title":"should display the number of fish"},{"ancestorTitles":["Occupation"],"failureMessages":[],"fullName":"Occupation should display the number at singular","location":null,"status":"passed","title":"should display the number at singular"},{"ancestorTitles":["Occupation"],"failureMessages":[],"fullName":"Occupation should display the occupationPercent at singular","location":null,"status":"passed","title":"should display the occupationPercent at singular"}],"endTime":1555568158914,"message":"","name":"/Users/florentberthelot/dev/contrib/aqua-compose/src/app/aquarium/aquarium-variables/occupation/occupation.spec.js","startTime":1555568158761,"status":"passed","summary":""},{"assertionResults":[{"ancestorTitles":["fish-card"],"failureMessages":[],"fullName":"fish-card should not throw error","location":null,"status":"passed","title":"should not throw error"},{"ancestorTitles":["fish-card"],"failureMessages":[],"fullName":"fish-card should initialize number of fish with the number in aquarium if any","location":null,"status":"passed","title":"should initialize number of fish with the number in aquarium if any"},{"ancestorTitles":["fish-card"],"failureMessages":[],"fullName":"fish-card should initialize number of fish with the minimumPopulation by default","location":null,"status":"passed","title":"should initialize number of fish with the minimumPopulation by default"},{"ancestorTitles":["fish-card"],"failureMessages":[],"fullName":"fish-card should not display the fish name twice when no surname is given","location":null,"status":"passed","title":"should not display the fish name twice when no surname is given"},{"ancestorTitles":["fish-card"],"failureMessages":[],"fullName":"fish-card should call the action handler when clicking on his button","location":null,"status":"passed","title":"should call the action handler when clicking on his button"},{"ancestorTitles":["fish-card"],"failureMessages":[],"fullName":"fish-card should call onNbFishChange when clicking on upgrade fish","location":null,"status":"passed","title":"should call onNbFishChange when clicking on upgrade fish"},{"ancestorTitles":["fish-card"],"failureMessages":[],"fullName":"fish-card should call onNbFishChange when clicking on downgrade fish","location":null,"status":"passed","title":"should call onNbFishChange when clicking on downgrade fish"},{"ancestorTitles":["fish-card"],"failureMessages":[],"fullName":"fish-card should not call onNbFishChange when clicking on downgrade fish but nbFish is already at minmum","location":null,"status":"passed","title":"should not call onNbFishChange when clicking on downgrade fish but nbFish is already at minmum"}],"endTime":1555568159010,"message":"","name":"/Users/florentberthelot/dev/contrib/aqua-compose/src/app/aquarium/aquarium-fishes/fish-card/fish-card.spec.js","startTime":1555568158799,"status":"passed","summary":""},{"assertionResults":[{"ancestorTitles":["app"],"failureMessages":[],"fullName":"app should not throw an error","location":null,"status":"passed","title":"should not throw an error"},{"ancestorTitles":["app"],"failureMessages":[],"fullName":"app should return a valid component for my-aquarium route","location":null,"status":"passed","title":"should return a valid component for my-aquarium route"}],"endTime":1555568159107,"message":"","name":"/Users/florentberthelot/dev/contrib/aqua-compose/src/app/app.spec.js","startTime":1555568158590,"status":"passed","summary":""},{"assertionResults":[{"ancestorTitles":["header"],"failureMessages":[],"fullName":"header should not throw an error","location":null,"status":"passed","title":"should not throw an error"}],"endTime":1555568159108,"message":"","name":"/Users/florentberthelot/dev/contrib/aqua-compose/src/app/layout/header/header.spec.js","startTime":1555568158926,"status":"passed","summary":""},{"assertionResults":[{"ancestorTitles":["capacity"],"failureMessages":[],"fullName":"capacity should not throw an error","location":null,"status":"passed","title":"should not throw an error"},{"ancestorTitles":["capacity"],"failureMessages":[],"fullName":"capacity should not redirect to my-aquarium page when form is invalid","location":null,"status":"passed","title":"should not redirect to my-aquarium page when form is invalid"},{"ancestorTitles":["capacity"],"failureMessages":[],"fullName":"capacity should redirect to my-aquarium page when form is valid","location":null,"status":"passed","title":"should redirect to my-aquarium page when form is valid"},{"ancestorTitles":["capacity"],"failureMessages":[],"fullName":"capacity should disable button when form is invalid","location":null,"status":"passed","title":"should disable button when form is invalid"},{"ancestorTitles":["capacity"],"failureMessages":[],"fullName":"capacity should not disabled button when form is valid","location":null,"status":"passed","title":"should not disabled button when form is valid"}],"endTime":1555568159275,"message":"","name":"/Users/florentberthelot/dev/contrib/aqua-compose/src/app/aquarium/capacity/capacity.spec.js","startTime":1555568159046,"status":"passed","summary":""},{"assertionResults":[{"ancestorTitles":["aquarium logic","getOccupationRatio"],"failureMessages":[],"fullName":"aquarium logic getOccupationRatio should return 0 when there is no fish","location":null,"status":"passed","title":"should return 0 when there is no fish"},{"ancestorTitles":["aquarium logic","getOccupationRatio"],"failureMessages":[],"fullName":"aquarium logic getOccupationRatio should return 10 there is one fish of 8 cm","location":null,"status":"passed","title":"should return 10 there is one fish of 8 cm"},{"ancestorTitles":["aquarium logic","getOccupationRatio"],"failureMessages":[],"fullName":"aquarium logic getOccupationRatio should return 20 there is two fish of 8 cm","location":null,"status":"passed","title":"should return 20 there is two fish of 8 cm"},{"ancestorTitles":["aquarium logic","getOccupationRatio"],"failureMessages":[],"fullName":"aquarium logic getOccupationRatio should return 40 there is one fish of 21 cm","location":null,"status":"passed","title":"should return 40 there is one fish of 21 cm"},{"ancestorTitles":["aquarium logic","getOccupationRatio"],"failureMessages":[],"fullName":"aquarium logic getOccupationRatio should return 80 there is one fish of 22 cm","location":null,"status":"passed","title":"should return 80 there is one fish of 22 cm"},{"ancestorTitles":["aquarium logic","getOccupationRatio"],"failureMessages":[],"fullName":"aquarium logic getOccupationRatio should return 50 there is one fish of 22 cm and one another of 6","location":null,"status":"passed","title":"should return 50 there is one fish of 22 cm and one another of 6"},{"ancestorTitles":["aquarium logic","getMinMaxOfkey"],"failureMessages":[],"fullName":"aquarium logic getMinMaxOfkey should return [10, 50] with one fish","location":null,"status":"passed","title":"should return [10, 50] with one fish"},{"ancestorTitles":["aquarium logic","getMinMaxOfkey"],"failureMessages":[],"fullName":"aquarium logic getMinMaxOfkey should return [10, 50] with tow fishes with same values","location":null,"status":"passed","title":"should return [10, 50] with tow fishes with same values"},{"ancestorTitles":["aquarium logic","getMinMaxOfkey"],"failureMessages":[],"fullName":"aquarium logic getMinMaxOfkey should return [15, 45] with tow fishes of [9, 45] and [15, 50]","location":null,"status":"passed","title":"should return [15, 45] with tow fishes of [9, 45] and [15, 50]"},{"ancestorTitles":["aquarium logic","getMinMaxOfkey"],"failureMessages":[],"fullName":"aquarium logic getMinMaxOfkey should return [15, 30] with tow fishes of [10, 50] and [15, 30]","location":null,"status":"passed","title":"should return [15, 30] with tow fishes of [10, 50] and [15, 30]"},{"ancestorTitles":["aquarium logic","sortFishesByLifeZone"],"failureMessages":[],"fullName":"aquarium logic sortFishesByLifeZone should return [] when there is no fish","location":null,"status":"passed","title":"should return [] when there is no fish"},{"ancestorTitles":["aquarium logic","sortFishesByLifeZone"],"failureMessages":[],"fullName":"aquarium logic sortFishesByLifeZone should prioritize Surface over Milieu","location":null,"status":"passed","title":"should prioritize Surface over Milieu"},{"ancestorTitles":["aquarium logic","sortFishesByLifeZone"],"failureMessages":[],"fullName":"aquarium logic sortFishesByLifeZone should prioritize Milieu over Fond","location":null,"status":"passed","title":"should prioritize Milieu over Fond"},{"ancestorTitles":["aquarium logic","sortFishesByLifeZone"],"failureMessages":[],"fullName":"aquarium logic sortFishesByLifeZone should prioritize Surface over Fond","location":null,"status":"passed","title":"should prioritize Surface over Fond"},{"ancestorTitles":["aquarium logic","sortFishesByLifeZone"],"failureMessages":[],"fullName":"aquarium logic sortFishesByLifeZone should prioritize Surface over Surface,Milieu","location":null,"status":"passed","title":"should prioritize Surface over Surface,Milieu"},{"ancestorTitles":["aquarium logic","sortFishesByLifeZone"],"failureMessages":[],"fullName":"aquarium logic sortFishesByLifeZone should prioritize Surface over Milieu,Fond","location":null,"status":"passed","title":"should prioritize Surface over Milieu,Fond"},{"ancestorTitles":["aquarium logic","sortFishesByLifeZone"],"failureMessages":[],"fullName":"aquarium logic sortFishesByLifeZone should prioritize Surface,Milieu over Milieu","location":null,"status":"passed","title":"should prioritize Surface,Milieu over Milieu"},{"ancestorTitles":["aquarium logic","sortFishesByLifeZone"],"failureMessages":[],"fullName":"aquarium logic sortFishesByLifeZone should prioritize Surface,Milieu over Fond","location":null,"status":"passed","title":"should prioritize Surface,Milieu over Fond"},{"ancestorTitles":["aquarium logic","sortFishesByLifeZone"],"failureMessages":[],"fullName":"aquarium logic sortFishesByLifeZone should prioritize Surface over Milleu,Fond","location":null,"status":"passed","title":"should prioritize Surface over Milleu,Fond"},{"ancestorTitles":["aquarium logic","sortFishesByLifeZone"],"failureMessages":[],"fullName":"aquarium logic sortFishesByLifeZone should prioritize Milleu over Milleu,Fond","location":null,"status":"passed","title":"should prioritize Milleu over Milleu,Fond"},{"ancestorTitles":["aquarium logic","sortFishesByLifeZone"],"failureMessages":[],"fullName":"aquarium logic sortFishesByLifeZone should prioritize Milleu,Fond over Fond","location":null,"status":"passed","title":"should prioritize Milleu,Fond over Fond"},{"ancestorTitles":["aquarium logic","sortFishesByLifeZone"],"failureMessages":[],"fullName":"aquarium logic sortFishesByLifeZone should prioritize Surface over Surface,Milleu,Fond","location":null,"status":"passed","title":"should prioritize Surface over Surface,Milleu,Fond"},{"ancestorTitles":["aquarium logic","sortFishesByLifeZone"],"failureMessages":[],"fullName":"aquarium logic sortFishesByLifeZone should prioritize Surface,Milleu,Fond over Fond","location":null,"status":"passed","title":"should prioritize Surface,Milleu,Fond over Fond"},{"ancestorTitles":["aquarium logic","sortFishesByLifeZone"],"failureMessages":[],"fullName":"aquarium logic sortFishesByLifeZone should prioritize Milleu over Surface,Milleu,Fond","location":null,"status":"passed","title":"should prioritize Milleu over Surface,Milleu,Fond"},{"ancestorTitles":["aquarium logic","sortFishesByLifeZone"],"failureMessages":[],"fullName":"aquarium logic sortFishesByLifeZone should prioritize Surface,Milleu,Fond over Milleu,Fond","location":null,"status":"passed","title":"should prioritize Surface,Milleu,Fond over Milleu,Fond"},{"ancestorTitles":["aquarium logic","sortFishesByLifeZone"],"failureMessages":[],"fullName":"aquarium logic sortFishesByLifeZone should prioritize Surface,Milleu over Surface,Milleu,Fond","location":null,"status":"passed","title":"should prioritize Surface,Milleu over Surface,Milleu,Fond"},{"ancestorTitles":["aquarium logic","sortFishesByLifeZone"],"failureMessages":[],"fullName":"aquarium logic sortFishesByLifeZone should sort fishes","location":null,"status":"passed","title":"should sort fishes"}],"endTime":1555568159304,"message":"","name":"/Users/florentberthelot/dev/contrib/aqua-compose/src/app/aquarium/aquarium.logic.spec.js","startTime":1555568159139,"status":"passed","summary":""},{"assertionResults":[{"ancestorTitles":["useRedux"],"failureMessages":[],"fullName":"useRedux should return an object with stateData","location":null,"status":"passed","title":"should return an object with stateData"},{"ancestorTitles":["useRedux"],"failureMessages":[],"fullName":"useRedux should return an object with dispatch function","location":null,"status":"passed","title":"should return an object with dispatch function"},{"ancestorTitles":["useRedux"],"failureMessages":[],"fullName":"useRedux should call useCallback eachTime with the memo object","location":null,"status":"passed","title":"should call useCallback eachTime with the memo object"}],"endTime":1555568159352,"message":"","name":"/Users/florentberthelot/dev/contrib/aqua-compose/src/app/useRedux.spec.js","startTime":1555568159143,"status":"passed","summary":""},{"assertionResults":[{"ancestorTitles":["app reducer"],"failureMessages":[],"fullName":"app reducer should have a good initial state","location":null,"status":"passed","title":"should have a good initial state"},{"ancestorTitles":["app reducer"],"failureMessages":[],"fullName":"app reducer should modify the aquarium volume with SET_AQUARIUM_VOLUME action","location":null,"status":"passed","title":"should modify the aquarium volume with SET_AQUARIUM_VOLUME action"},{"ancestorTitles":["app reducer"],"failureMessages":[],"fullName":"app reducer should populate the available fish with POPULATE_FISHES action","location":null,"status":"passed","title":"should populate the available fish with POPULATE_FISHES action"},{"ancestorTitles":["app reducer"],"failureMessages":[],"fullName":"app reducer should add one fish into the aquarium with ADD_FISH_IN_AQUARIUM","location":null,"status":"passed","title":"should add one fish into the aquarium with ADD_FISH_IN_AQUARIUM"},{"ancestorTitles":["app reducer"],"failureMessages":[],"fullName":"app reducer should remove one fish into the aquarium with REMOVE_FISH_FROM_AQUARIUM","location":null,"status":"passed","title":"should remove one fish into the aquarium with REMOVE_FISH_FROM_AQUARIUM"},{"ancestorTitles":["app reducer"],"failureMessages":[],"fullName":"app reducer should update one nbInAquarium into the aquarium with CHANGE_NB_OF_FISHES_IN_AQUARIUM","location":null,"status":"passed","title":"should update one nbInAquarium into the aquarium with CHANGE_NB_OF_FISHES_IN_AQUARIUM"}],"endTime":1555568159455,"message":"","name":"/Users/florentberthelot/dev/contrib/aqua-compose/src/app/app.reducer.spec.js","startTime":1555568159295,"status":"passed","summary":""},{"assertionResults":[{"ancestorTitles":["script index"],"failureMessages":[],"fullName":"script index should call init function of the cli","location":null,"status":"passed","title":"should call init function of the cli"}],"endTime":1555568159495,"message":"","name":"/Users/florentberthelot/dev/contrib/aqua-compose/src/scripts/index.spec.js","startTime":1555568159316,"status":"passed","summary":""},{"assertionResults":[{"ancestorTitles":["Aquarium"],"failureMessages":[],"fullName":"Aquarium should not throw an error","location":null,"status":"passed","title":"should not throw an error"},{"ancestorTitles":["Aquarium"],"failureMessages":[],"fullName":"Aquarium should initialize fish data by calling the reducer","location":null,"status":"passed","title":"should initialize fish data by calling the reducer"}],"endTime":1555568159550,"message":"","name":"/Users/florentberthelot/dev/contrib/aqua-compose/src/app/aquarium/aquarium.spec.js","startTime":1555568159363,"status":"passed","summary":""},{"assertionResults":[{"ancestorTitles":["Layout"],"failureMessages":[],"fullName":"Layout should not throw an error","location":null,"status":"passed","title":"should not throw an error"},{"ancestorTitles":["Layout"],"failureMessages":[],"fullName":"Layout should display children content","location":null,"status":"passed","title":"should display children content"}],"endTime":1555568159655,"message":"","name":"/Users/florentberthelot/dev/contrib/aqua-compose/src/app/layout/layout.spec.js","startTime":1555568159464,"status":"passed","summary":""},{"assertionResults":[{"ancestorTitles":["index"],"failureMessages":[],"fullName":"index should call react.render","location":null,"status":"passed","title":"should call react.render"}],"endTime":1555568159664,"message":"","name":"/Users/florentberthelot/dev/contrib/aqua-compose/src/index.spec.js","startTime":1555568159503,"status":"passed","summary":""},{"assertionResults":[{"ancestorTitles":["Button"],"failureMessages":[],"fullName":"Button should not throw an error","location":null,"status":"passed","title":"should not throw an error"}],"endTime":1555568159850,"message":"","name":"/Users/florentberthelot/dev/contrib/aqua-compose/src/app/design-system/button/button.spec.js","startTime":1555568159725,"status":"passed","summary":""},{"assertionResults":[{"ancestorTitles":["InputTextUnit"],"failureMessages":[],"fullName":"InputTextUnit should not throw an error","location":null,"status":"passed","title":"should not throw an error"}],"endTime":1555568159988,"message":"","name":"/Users/florentberthelot/dev/contrib/aqua-compose/src/app/design-system/input-text-unit/input-text-unit.spec.js","startTime":1555568159857,"status":"passed","summary":""},{"assertionResults":[{"ancestorTitles":["Aquarium Fishes"],"failureMessages":[],"fullName":"Aquarium Fishes should not throw an error","location":null,"status":"passed","title":"should not throw an error"},{"ancestorTitles":["Aquarium Fishes"],"failureMessages":[],"fullName":"Aquarium Fishes should list all fish name i have in the aquarium","location":null,"status":"passed","title":"should list all fish name i have in the aquarium"},{"ancestorTitles":["Aquarium Fishes"],"failureMessages":[],"fullName":"Aquarium Fishes should list all fish temperature i have in the aquarium","location":null,"status":"passed","title":"should list all fish temperature i have in the aquarium"},{"ancestorTitles":["Aquarium Fishes"],"failureMessages":[],"fullName":"Aquarium Fishes should list all fish PH i have in the aquarium","location":null,"status":"passed","title":"should list all fish PH i have in the aquarium"},{"ancestorTitles":["Aquarium Fishes"],"failureMessages":[],"fullName":"Aquarium Fishes should list all fish GH i have in the aquarium","location":null,"status":"passed","title":"should list all fish GH i have in the aquarium"},{"ancestorTitles":["Aquarium Fishes"],"failureMessages":[],"fullName":"Aquarium Fishes should dispatch removeFish when clicking on the remove button","location":null,"status":"passed","title":"should dispatch removeFish when clicking on the remove button"},{"ancestorTitles":["Aquarium Fishes"],"failureMessages":[],"fullName":"Aquarium Fishes should dispatch change nbOfFishes when modifying the input","location":null,"status":"passed","title":"should dispatch change nbOfFishes when modifying the input"}],"endTime":1555568160053,"message":"","name":"/Users/florentberthelot/dev/contrib/aqua-compose/src/app/aquarium/aquarium-fishes/aquarium-fishes.spec.js","startTime":1555568159674,"status":"passed","summary":""},{"assertionResults":[{"ancestorTitles":["fish-picker"],"failureMessages":[],"fullName":"fish-picker should not throw an error","location":null,"status":"passed","title":"should not throw an error"},{"ancestorTitles":["fish-picker"],"failureMessages":[],"fullName":"fish-picker should not show modal in initial state","location":null,"status":"passed","title":"should not show modal in initial state"},{"ancestorTitles":["fish-picker"],"failureMessages":[],"fullName":"fish-picker should show modal when clicking the button","location":null,"status":"passed","title":"should show modal when clicking the button"},{"ancestorTitles":["fish-picker"],"failureMessages":[],"fullName":"fish-picker should show the number of fish available for a 80L aquarium","location":null,"status":"passed","title":"should show the number of fish available for a 80L aquarium"},{"ancestorTitles":["fish-picker"],"failureMessages":[],"fullName":"fish-picker should show the number of fish available for the aquarium minus those who already are in","location":null,"status":"passed","title":"should show the number of fish available for the aquarium minus those who already are in"},{"ancestorTitles":["fish-picker"],"failureMessages":[],"fullName":"fish-picker should show the number of fish available that match PH of other fishes","location":null,"status":"passed","title":"should show the number of fish available that match PH of other fishes"},{"ancestorTitles":["fish-picker"],"failureMessages":[],"fullName":"fish-picker should show the number of fish available that match temperature of other fishes","location":null,"status":"passed","title":"should show the number of fish available that match temperature of other fishes"},{"ancestorTitles":["fish-picker"],"failureMessages":[],"fullName":"fish-picker should show the number of fish available that match GH of other fishes","location":null,"status":"passed","title":"should show the number of fish available that match GH of other fishes"},{"ancestorTitles":["fish-picker"],"failureMessages":[],"fullName":"fish-picker should display some info about fishes","location":null,"status":"passed","title":"should display some info about fishes"},{"ancestorTitles":["fish-picker"],"failureMessages":[],"fullName":"fish-picker should close the modal when clicking cancel button","location":null,"status":"passed","title":"should close the modal when clicking cancel button"},{"ancestorTitles":["fish-picker"],"failureMessages":[],"fullName":"fish-picker should show dispatch ADD_FISH_IN_AQUARIUM when adding a fish","location":null,"status":"passed","title":"should show dispatch ADD_FISH_IN_AQUARIUM when adding a fish"}],"endTime":1555568160103,"message":"","name":"/Users/florentberthelot/dev/contrib/aqua-compose/src/app/aquarium/aquarium-fishes/fish-picker/fish-picker.spec.js","startTime":1555568159558,"status":"passed","summary":""},{"assertionResults":[{"ancestorTitles":["utils"],"failureMessages":[],"fullName":"utils should return true when device is less than 750px wide","location":null,"status":"passed","title":"should return true when device is less than 750px wide"},{"ancestorTitles":["utils"],"failureMessages":[],"fullName":"utils should return false when device is more than 750px wide","location":null,"status":"passed","title":"should return false when device is more than 750px wide"}],"endTime":1555568160135,"message":"","name":"/Users/florentberthelot/dev/contrib/aqua-compose/src/app/utils.spec.js","startTime":1555568159998,"status":"passed","summary":""},{"assertionResults":[{"ancestorTitles":["Typography"],"failureMessages":[],"fullName":"Typography should not throw an error","location":null,"status":"passed","title":"should not throw an error"}],"endTime":1555568160191,"message":"","name":"/Users/florentberthelot/dev/contrib/aqua-compose/src/app/design-system/typography/typography.spec.js","startTime":1555568160063,"status":"passed","summary":""},{"assertionResults":[{"ancestorTitles":["Occupation"],"failureMessages":[],"fullName":"Occupation should display an acordeon when device is mobile","location":null,"status":"passed","title":"should display an acordeon when device is mobile"},{"ancestorTitles":["Occupation"],"failureMessages":[],"fullName":"Occupation should not display an acordeon when device is not mobile","location":null,"status":"passed","title":"should not display an acordeon when device is not mobile"},{"ancestorTitles":["Occupation"],"failureMessages":[],"fullName":"Occupation should display the number at plural","location":null,"status":"passed","title":"should display the number at plural"},{"ancestorTitles":["Occupation"],"failureMessages":[],"fullName":"Occupation should display the number at singular","location":null,"status":"passed","title":"should display the number at singular"},{"ancestorTitles":["Occupation"],"failureMessages":[],"fullName":"Occupation should display the volume","location":null,"status":"passed","title":"should display the volume"},{"ancestorTitles":["Occupation"],"failureMessages":[],"fullName":"Occupation should display the minMaxTemperature","location":null,"status":"passed","title":"should display the minMaxTemperature"}],"endTime":1555568160284,"message":"","name":"/Users/florentberthelot/dev/contrib/aqua-compose/src/app/aquarium/aquarium-variables/other-data/other-data.spec.js","startTime":1555568160147,"status":"passed","summary":""},{"assertionResults":[{"ancestorTitles":["Progress"],"failureMessages":[],"fullName":"Progress should not throw an error","location":null,"status":"passed","title":"should not throw an error"}],"endTime":1555568160325,"message":"","name":"/Users/florentberthelot/dev/contrib/aqua-compose/src/app/design-system/progress-bar/progress-bar.spec.js","startTime":1555568160198,"status":"passed","summary":""},{"assertionResults":[{"ancestorTitles":["Aquarium Variables"],"failureMessages":[],"fullName":"Aquarium Variables should not throw an error","location":null,"status":"passed","title":"should not throw an error"},{"ancestorTitles":["Aquarium Variables"],"failureMessages":[],"fullName":"Aquarium Variables should display the aquarium volume","location":null,"status":"passed","title":"should display the aquarium volume"},{"ancestorTitles":["Aquarium Variables"],"failureMessages":[],"fullName":"Aquarium Variables should display the total number of fishes","location":null,"status":"passed","title":"should display the total number of fishes"},{"ancestorTitles":["Aquarium Variables"],"failureMessages":[],"fullName":"Aquarium Variables should display the occupation of the Aquarium","location":null,"status":"passed","title":"should display the occupation of the Aquarium"},{"ancestorTitles":["Aquarium Variables"],"failureMessages":[],"fullName":"Aquarium Variables should display the acceptable range of temperature of the Aquarium","location":null,"status":"passed","title":"should display the acceptable range of temperature of the Aquarium"},{"ancestorTitles":["Aquarium Variables"],"failureMessages":[],"fullName":"Aquarium Variables should display the acceptable range of PH of the Aquarium","location":null,"status":"passed","title":"should display the acceptable range of PH of the Aquarium"},{"ancestorTitles":["Aquarium Variables"],"failureMessages":[],"fullName":"Aquarium Variables should display the acceptable range of GH of the Aquarium","location":null,"status":"passed","title":"should display the acceptable range of GH of the Aquarium"},{"ancestorTitles":["Aquarium Variables"],"failureMessages":[],"fullName":"Aquarium Variables should display NC when there is no fish","location":null,"status":"passed","title":"should display NC when there is no fish"}],"endTime":1555568160327,"message":"","name":"/Users/florentberthelot/dev/contrib/aqua-compose/src/app/aquarium/aquarium-variables/aquarium-variables.spec.js","startTime":1555568160114,"status":"passed","summary":""}],"wasInterrupted":false}